[debug] [2024-12-31T15:41:12.777Z] ----------------------------------------------------------------------
[debug] [2024-12-31T15:41:12.783Z] Command:       C:\Program Files\nodejs\node.exe C:\Users\mel\AppData\Roaming\npm\node_modules\firebase-tools\lib\bin\firebase.js init
[debug] [2024-12-31T15:41:12.784Z] CLI Version:   13.29.1
[debug] [2024-12-31T15:41:12.784Z] Platform:      win32
[debug] [2024-12-31T15:41:12.784Z] Node Version:  v22.12.0
[debug] [2024-12-31T15:41:12.784Z] Time:          Tue Dec 31 2024 16:41:12 GMT+0100 (heure normale d’Europe centrale)
[debug] [2024-12-31T15:41:12.785Z] ----------------------------------------------------------------------
[debug] 
[debug] [2024-12-31T15:41:12.889Z] > command requires scopes: ["email","openid","https://www.googleapis.com/auth/cloudplatformprojects.readonly","https://www.googleapis.com/auth/firebase","https://www.googleapis.com/auth/cloud-platform"]
[debug] [2024-12-31T15:41:12.889Z] > authorizing via signed-in user (melvdeve@gmail.com)
[info] 
     ######## #### ########  ######## ########     ###     ######  ########
     ##        ##  ##     ## ##       ##     ##  ##   ##  ##       ##
     ######    ##  ########  ######   ########  #########  ######  ######
     ##        ##  ##    ##  ##       ##     ## ##     ##       ## ##
     ##       #### ##     ## ######## ########  ##     ##  ######  ########

You're about to initialize a Firebase project in this directory:

  C:\Users\mel\Desktop\PIMASTER\ng-pimast

Before we get started, keep in mind:

  * You are initializing within an existing Firebase project directory

[info] 
=== Project Setup
[info] 
[info] First, let's associate this project directory with a Firebase project.
[info] You can create multiple project aliases by running firebase use --add, 
[info] but for now we'll just set up a default project.
[info] 
[debug] [2024-12-31T15:41:34.726Z] Using project from CLI flag: pimaster-b7a95
[debug] [2024-12-31T15:41:34.728Z] Checked if tokens are valid: true, expires at: 1735663251643
[debug] [2024-12-31T15:41:34.728Z] Checked if tokens are valid: true, expires at: 1735663251643
[debug] [2024-12-31T15:41:34.730Z] >>> [apiv2][query] GET https://firebase.googleapis.com/v1beta1/projects/pimaster-b7a95 [none]
[debug] [2024-12-31T15:41:35.195Z] <<< [apiv2][status] GET https://firebase.googleapis.com/v1beta1/projects/pimaster-b7a95 403
[debug] [2024-12-31T15:41:35.196Z] <<< [apiv2][body] GET https://firebase.googleapis.com/v1beta1/projects/pimaster-b7a95 {"error":{"code":403,"message":"The caller does not have permission","status":"PERMISSION_DENIED"}}
[debug] [2024-12-31T15:41:35.197Z] Request to https://firebase.googleapis.com/v1beta1/projects/pimaster-b7a95 had HTTP Error: 403, The caller does not have permission
[debug] [2024-12-31T15:41:35.206Z] FirebaseError: Request to https://firebase.googleapis.com/v1beta1/projects/pimaster-b7a95 had HTTP Error: 403, The caller does not have permission
    at responseToError (C:\Users\mel\AppData\Roaming\npm\node_modules\firebase-tools\lib\responseToError.js:52:12)
    at RetryOperation._fn (C:\Users\mel\AppData\Roaming\npm\node_modules\firebase-tools\lib\apiv2.js:312:77)
    at process.processTicksAndRejections (node:internal/process/task_queues:105:5)
[error] 
[error] Error: Failed to get Firebase project pimaster-b7a95. Please make sure the project exists and your account has permission to access it.
